Vivado Simulator 2020.1
Copyright 1986-1999, 2001-2020 Xilinx, Inc. All Rights Reserved.
Running: C:/Xilinx/Vivado/2020.1/bin/unwrapped/win64.o/xelab.exe -wto df33b2d6ad0340e68978812557eba9dc --incr --debug typical --relax --mt 2 -L xil_defaultlib -L unisims_ver -L unimacro_ver -L secureip --snapshot risc5tb_behav xil_defaultlib.risc5tb xil_defaultlib.glbl -log elaborate.log 
Using 2 slave threads.
Starting static elaboration
Pass Through NonSizing Optimizer
Completed static elaboration
Starting simulation data flow analysis
Completed simulation data flow analysis
Time Resolution for simulation is 1ps
Compiling module xil_defaultlib.Program_Counter
Compiling module xil_defaultlib.Adder
Compiling module xil_defaultlib.Instruction_Memory
Compiling module xil_defaultlib.InsParser
Compiling module xil_defaultlib.Control_Unit
Compiling module xil_defaultlib.registerFile
Compiling module xil_defaultlib.ImmGen
Compiling module xil_defaultlib.ALU_Control
Compiling module xil_defaultlib.Mux
Compiling module xil_defaultlib.ALU_64_bit
Compiling module xil_defaultlib.Data_Memory
Compiling module xil_defaultlib.risc5processor
Compiling module xil_defaultlib.risc5tb
Compiling module xil_defaultlib.glbl
Built simulation snapshot risc5tb_behav
